<?xml version="1.0" encoding="UTF-8" ?>
<testsuite failures="0" time="1.453" errors="0" skipped="0" tests="2" name="org.kuali.student.rules.ast.GenerateRuleFailureMessageTest">
  <properties>
    <property name="java.runtime.name" value="Java(TM) SE Runtime Environment"/>
    <property name="sun.boot.library.path" value="C:\Program Files\Java\jdk1.6.0_02\jre\bin"/>
    <property name="java.vm.version" value="1.6.0_02-b06"/>
    <property name="ks.use.proxy" value="true"/>
    <property name="java.vm.vendor" value="Sun Microsystems Inc."/>
    <property name="java.vendor.url" value="http://java.sun.com/"/>
    <property name="path.separator" value=";"/>
    <property name="java.vm.name" value="Java HotSpot(TM) Client VM"/>
    <property name="file.encoding.pkg" value="sun.io"/>
    <property name="user.country" value="US"/>
    <property name="sun.java.launcher" value="SUN_STANDARD"/>
    <property name="sun.os.patch.level" value="Service Pack 2"/>
    <property name="java.vm.specification.name" value="Java Virtual Machine Specification"/>
    <property name="user.dir" value="C:\Kuali\Eclipse\workspace\brms-ri\inspect-rule-failure"/>
    <property name="java.runtime.version" value="1.6.0_02-b06"/>
    <property name="java.awt.graphicsenv" value="sun.awt.Win32GraphicsEnvironment"/>
    <property name="basedir" value="C:\Kuali\Eclipse\workspace\brms-ri\inspect-rule-failure"/>
    <property name="java.endorsed.dirs" value="C:\Program Files\Java\jdk1.6.0_02\jre\lib\endorsed"/>
    <property name="os.arch" value="x86"/>
    <property name="java.io.tmpdir" value="C:\DOCUME~1\Rich\LOCALS~1\Temp\"/>
    <property name="line.separator" value="
"/>
    <property name="java.vm.specification.vendor" value="Sun Microsystems Inc."/>
    <property name="user.variant" value=""/>
    <property name="os.name" value="Windows XP"/>
    <property name="sun.jnu.encoding" value="Cp1252"/>
    <property name="java.library.path" value="C:\Program Files\Java\jdk1.6.0_02\bin;.;C:\WINDOWS\Sun\Java\bin;C:\WINDOWS\system32;C:\WINDOWS;C:\Program Files\Java\jdk1.6.0_02\jre\bin;C:\WINDOWS\system32;C:\WINDOWS;C:\WINDOWS\System32\Wbem;C:\Program Files\NTRU Cryptosystems\NTRU TCG Software Stack\bin\;C:\Program Files\Wave Systems Corp\Dell Preboot Manager\Access Client\v5\;C:\Program Files\Common Files\Roxio Shared\DLLShared\;C:\Kuali_SW\GlassFish\lib\ant\bin;C:\Program Files\Java\jdk1.6.0_02\bin;C:\Kuali_SW\svn-win32-1.4.5\bin;C:\Kuali_SW\Maven\apache-maven-2.0.8\bin;C:\Program Files\IDM Computer Solutions\UltraEdit-32\"/>
    <property name="surefire.test.class.path" value="C:\Kuali\Eclipse\workspace\brms-ri\inspect-rule-failure\target\test-classes;C:\Kuali\Eclipse\workspace\brms-ri\inspect-rule-failure\target\classes;C:\Kuali\Maven\repository\org\apache\derby\derby\10.3.2.1\derby-10.3.2.1.jar;C:\Kuali\Maven\repository\org\hibernate\hibernate-commons-annotations\3.3.0.ga\hibernate-commons-annotations-3.3.0.ga.jar;C:\Kuali\Maven\repository\org\hibernate\hibernate\3.2.5.ga\hibernate-3.2.5.ga.jar;C:\Kuali\Maven\repository\net\sf\ehcache\ehcache\1.2.3\ehcache-1.2.3.jar;C:\Kuali\Maven\repository\commons-logging\commons-logging\1.0.4\commons-logging-1.0.4.jar;C:\Kuali\Maven\repository\commons-collections\commons-collections\3.2\commons-collections-3.2.jar;C:\Kuali\Maven\repository\javax\transaction\jta\1.1\jta-1.1.jar;C:\Kuali\Maven\repository\asm\asm-attrs\1.5.3\asm-attrs-1.5.3.jar;C:\Kuali\Maven\repository\dom4j\dom4j\1.6.1\dom4j-1.6.1.jar;C:\Kuali\Maven\repository\antlr\antlr\2.7.7\antlr-2.7.7.jar;C:\Kuali\Maven\repository\cglib\cglib\2.1_3\cglib-2.1_3.jar;C:\Kuali\Maven\repository\asm\asm\1.5.3\asm-1.5.3.jar;C:\Kuali\Maven\repository\javax\persistence\persistence-api\1.0\persistence-api-1.0.jar;C:\Kuali\Maven\repository\org\hibernate\hibernate-entitymanager\3.3.1.ga\hibernate-entitymanager-3.3.1.ga.jar;C:\Kuali\Maven\repository\org\hibernate\hibernate-annotations\3.3.0.ga\hibernate-annotations-3.3.0.ga.jar;C:\Kuali\Maven\repository\org\hibernate\hibernate-validator\3.0.0.ga\hibernate-validator-3.0.0.ga.jar;C:\Kuali\Maven\repository\jboss\javassist\3.3.ga\javassist-3.3.ga.jar;C:\Kuali\Maven\repository\jboss\jboss-common-core\2.2.0.GA\jboss-common-core-2.2.0.GA.jar;C:\Kuali\Maven\repository\atomikos\transactions-jta\3.2.1\transactions-jta-3.2.1.jar;C:\Kuali\Maven\repository\com\sun\xml\bind\jaxb-impl\2.1.6\jaxb-impl-2.1.6.jar;C:\Kuali\Maven\repository\javax\xml\bind\jaxb-api\2.1\jaxb-api-2.1.jar;C:\Kuali\Maven\repository\javax\xml\stream\stax-api\1.0\stax-api-1.0.jar;C:\Kuali\Maven\repository\javax\activation\activation\1.1\activation-1.1.jar;C:\Kuali\Maven\repository\apache-xerces\xml-apis\2.7.1\xml-apis-2.7.1.jar;C:\Kuali\Maven\repository\apache-httpclient\commons-httpclient\2.0.2\commons-httpclient-2.0.2.jar;C:\Kuali\Maven\repository\oswego-concurrent\concurrent\1.3.4\concurrent-1.3.4.jar;C:\Kuali\Maven\repository\apache-slide\webdavlib\2.0\webdavlib-2.0.jar;C:\Kuali\Maven\repository\jboss\jboss-common-logging-spi\2.0.4.GA\jboss-common-logging-spi-2.0.4.GA.jar;C:\Kuali\Maven\repository\xml-apis\xml-apis\1.0.b2\xml-apis-1.0.b2.jar;C:\Kuali\Maven\repository\junit\junit\4.4\junit-4.4.jar;C:\Kuali\Maven\repository\org\springframework\spring-test\2.5.2\spring-test-2.5.2.jar;C:\Kuali\Maven\repository\org\jvnet\jax-ws-commons\spring\jaxws-spring\1.7\jaxws-spring-1.7.jar;C:\Kuali\Maven\repository\com\sun\xml\ws\jaxws-rt\2.1.3\jaxws-rt-2.1.3.jar;C:\Kuali\Maven\repository\javax\xml\ws\jaxws-api\2.1\jaxws-api-2.1.jar;C:\Kuali\Maven\repository\javax\xml\soap\saaj-api\1.3\saaj-api-1.3.jar;C:\Kuali\Maven\repository\javax\annotation\jsr250-api\1.0\jsr250-api-1.0.jar;C:\Kuali\Maven\repository\javax\jws\jsr181-api\1.0-MR1\jsr181-api-1.0-MR1.jar;C:\Kuali\Maven\repository\com\sun\xml\messaging\saaj\saaj-impl\1.3\saaj-impl-1.3.jar;C:\Kuali\Maven\repository\com\sun\xml\stream\buffer\streambuffer\0.4\streambuffer-0.4.jar;C:\Kuali\Maven\repository\com\sun\xml\stream\sjsxp\1.0\sjsxp-1.0.jar;C:\Kuali\Maven\repository\org\springframework\spring\2.5.2\spring-2.5.2.jar;C:\Kuali\Maven\repository\org\apache\xbean\xbean-spring\2.7\xbean-spring-2.7.jar;C:\Kuali\Maven\repository\com\sun\org\apache\xml\internal\resolver\20050927\resolver-20050927.jar;C:\Kuali\Maven\repository\atomikos\transactions-api\3.2.1\transactions-api-3.2.1.jar;C:\Kuali\Maven\repository\org\kuali\student\poc\common\common-util\0.0.2-SNAPSHOT\common-util-0.0.2-SNAPSHOT.jar;C:\Kuali\Maven\repository\org\eclipse\persistence\eclipselink\1.0M4-Incubation\eclipselink-1.0M4-Incubation.jar;C:\Kuali\Maven\repository\atomikos\atomikos-util\3.2.1\atomikos-util-3.2.1.jar;C:\Kuali\Maven\repository\org\springframework\spring-aspects\2.5.2\spring-aspects-2.5.2.jar;C:\Kuali\Maven\repository\org\aspectj\aspectjrt\1.5.4\aspectjrt-1.5.4.jar;C:\Kuali\Maven\repository\org\aspectj\aspectjweaver\1.5.4\aspectjweaver-1.5.4.jar;C:\Kuali\Maven\repository\org\springframework\spring-beans\2.5.2\spring-beans-2.5.2.jar;C:\Kuali\Maven\repository\org\springframework\spring-core\2.5.2\spring-core-2.5.2.jar;C:\Kuali\Maven\repository\atomikos\transactions\3.2.1\transactions-3.2.1.jar;C:\Kuali\Maven\repository\org\mortbay\jetty\jetty\6.1.6\jetty-6.1.6.jar;C:\Kuali\Maven\repository\org\mortbay\jetty\jetty-util\6.1.6\jetty-util-6.1.6.jar;C:\Kuali\Maven\repository\org\mortbay\jetty\servlet-api-2.5\6.1.6\servlet-api-2.5-6.1.6.jar;C:\Kuali\Maven\repository\atomikos\transactions-hibernate3\3.2.1\transactions-hibernate3-3.2.1.jar;C:\Kuali\Maven\repository\org\kuali\student\poc\common\common-ws\0.0.2-SNAPSHOT\common-ws-0.0.2-SNAPSHOT.jar;C:\Kuali\Maven\repository\org\jvnet\staxex\stax-ex\1.2\stax-ex-1.2.jar;C:\Kuali\Maven\repository\org\kuali\student\poc\common\common-test\0.0.2-SNAPSHOT\common-test-0.0.2-SNAPSHOT.jar;C:\Kuali\Maven\repository\org\jvnet\mimepull\1.1\mimepull-1.1.jar;C:\Kuali\Maven\repository\org\kuali\student\poc\brms-ri\booleanfunctionparser\0.0.1-SNAPSHOT\booleanfunctionparser-0.0.1-SNAPSHOT.jar;C:\Kuali\Maven\repository\org\antlr\antlr\3.0.1\antlr-3.0.1.jar;C:\Kuali\Maven\repository\org\antlr\stringtemplate\3.1-b1\stringtemplate-3.1-b1.jar;C:\Kuali\Maven\repository\org\drools\drools-compiler\4.0.4\drools-compiler-4.0.4.jar;C:\Kuali\Maven\repository\org\drools\drools-core\4.0.4\drools-core-4.0.4.jar;C:\Kuali\Maven\repository\org\mvel\mvel14\1.2.21\mvel14-1.2.21.jar;C:\Kuali\Maven\repository\org\antlr\antlr-runtime\3.0\antlr-runtime-3.0.jar;C:\Kuali\Maven\repository\org\eclipse\jdt\core\3.2.3.v_686_R32x\core-3.2.3.v_686_R32x.jar;C:\Kuali\Maven\repository\janino\janino\2.5.10\janino-2.5.10.jar;C:\Kuali\Maven\repository\xerces\xercesImpl\2.4.0\xercesImpl-2.4.0.jar;C:\Kuali\Maven\repository\org\drools\drools-decisiontables\4.0.4\drools-decisiontables-4.0.4.jar;C:\Kuali\Maven\repository\jexcelapi\jxl\2.4.2\jxl-2.4.2.jar;C:\Kuali\Maven\repository\org\drools\drools-jsr94\4.0.4\drools-jsr94-4.0.4.jar;C:\Kuali\Maven\repository\jsr94\jsr94\1.1\jsr94-1.1.jar;"/>
    <property name="java.specification.name" value="Java Platform API Specification"/>
    <property name="java.class.version" value="50.0"/>
    <property name="sun.management.compiler" value="HotSpot Client Compiler"/>
    <property name="os.version" value="5.1"/>
    <property name="user.home" value="C:\Documents and Settings\Rich"/>
    <property name="user.timezone" value="America/New_York"/>
    <property name="java.awt.printerjob" value="sun.awt.windows.WPrinterJob"/>
    <property name="java.specification.version" value="1.6"/>
    <property name="file.encoding" value="Cp1252"/>
    <property name="user.name" value="Rich"/>
    <property name="java.class.path" value="/C:/Kuali_SW/Eclipse/plugins/org.maven.ide.eclipse_0.0.12.20071107-2300/lib/lucene-core-2.2.0.jar;/C:/Kuali_SW/Eclipse/plugins/org.maven.ide.eclipse_0.0.12.20071107-2300/lib/maven-embedder-tycho-2.1.0.v20071107-2251.jar;/C:/Kuali_SW/Eclipse/plugins/org.maven.ide.eclipse_0.0.12.20071107-2300/m2plugin.jar"/>
    <property name="eclipse.m2.debugOutput" value="false"/>
    <property name="java.vm.specification.version" value="1.0"/>
    <property name="sun.arch.data.model" value="32"/>
    <property name="java.home" value="C:\Program Files\Java\jdk1.6.0_02\jre"/>
    <property name="java.specification.vendor" value="Sun Microsystems Inc."/>
    <property name="user.language" value="en"/>
    <property name="awt.toolkit" value="sun.awt.windows.WToolkit"/>
    <property name="java.vm.info" value="mixed mode"/>
    <property name="java.version" value="1.6.0_02"/>
    <property name="java.ext.dirs" value="C:\Program Files\Java\jdk1.6.0_02\jre\lib\ext;C:\WINDOWS\Sun\Java\lib\ext"/>
    <property name="sun.boot.class.path" value="C:\Program Files\Java\jdk1.6.0_02\jre\lib\resources.jar;C:\Program Files\Java\jdk1.6.0_02\jre\lib\rt.jar;C:\Program Files\Java\jdk1.6.0_02\jre\lib\sunrsasign.jar;C:\Program Files\Java\jdk1.6.0_02\jre\lib\jsse.jar;C:\Program Files\Java\jdk1.6.0_02\jre\lib\jce.jar;C:\Program Files\Java\jdk1.6.0_02\jre\lib\charsets.jar;C:\Program Files\Java\jdk1.6.0_02\jre\classes"/>
    <property name="java.vendor" value="Sun Microsystems Inc."/>
    <property name="eclipse.m2.offline" value="false"/>
    <property name="localRepository" value="C:\Kuali\Maven\repository"/>
    <property name="file.separator" value="\"/>
    <property name="java.vendor.url.bug" value="http://java.sun.com/cgi-bin/bugreport.cgi"/>
    <property name="sun.cpu.endian" value="little"/>
    <property name="sun.io.unicode.encoding" value="UnicodeLittle"/>
    <property name="sun.desktop" value="windows"/>
    <property name="sun.cpu.isalist" value="pentium_pro+mmx pentium_pro pentium+mmx pentium i486 i386 i86"/>
  </properties>
  <testcase time="1.313" name="testExecuteRuleFailureMessage1"/>
  <testcase time="0.125" name="testExecuteRuleFailureMessage2"/>
</testsuite>