<?xml version="1.0" encoding="UTF-8"?>
<beans xmlns="http://www.springframework.org/schema/beans"
	xmlns:xsi="http://www.w3.org/2001/XMLSchema-instance"
	xsi:schemaLocation="http://www.springframework.org/schema/beans http://www.springframework.org/schema/beans/spring-beans-2.5.xsd">
	<bean id="persistList"
		class="org.springframework.beans.factory.config.ListFactoryBean">
		<property name="sourceList">
			<list>
				<ref bean="atp1" />
				<ref bean="atpStart" />
				<ref bean="atpEnd" />
				<ref bean="luType_credit_course" />
				<ref bean="clu_math100" />
				<ref bean="clu_cmsc214" />
				<ref bean="clu_musc300" />
				<ref bean="lui_math100_0101" />
				<ref bean="lui_cmsc214_0101" />
				<ref bean="lui_musc300_0101" />
				<ref bean="lui_math100_0202" />
			</list>
		</property>
	</bean>
	<bean id="atp1"
		class="org.kuali.student.poc.learningunit.lu.entity.Atp">
		<property name="atpId"
			value="11223344-1122-1122-1111-000000000000" />
		<property name="atpName" value="Fall 2008" />
	</bean>
	<bean id="atpStart"
		class="org.kuali.student.poc.learningunit.lu.entity.Atp">
		<property name="atpId"
			value="11223344-1122-1122-1111-000000000001" />
		<property name="atpName" value="Spring 1890" />
	</bean>
	<bean id="atpEnd"
		class="org.kuali.student.poc.learningunit.lu.entity.Atp">
		<property name="atpId"
			value="11223344-1122-1122-1111-000000000002" />
		<property name="atpName" value="Summer 2040" />
	</bean>
	<bean id="currentTime" class="java.util.Date" />
	<bean id="luType_credit_course"
		class="org.kuali.student.poc.learningunit.lu.entity.LuType">
		<property name="luTypeId"
			value="11223344-1122-1122-1111-000000000003" />
		<property name="description" value="Credit Course" />
		<property name="createTime" ref="currentTime" />
		<property name="createUserComment" value="Created" />
		<property name="createUserId" value="USER-12345" />
		<property name="updateTime" ref="currentTime" />
		<property name="updateUserComment" value="Updated" />
		<property name="updateUserId" value="USER-12345" />
		<property name="luAttributeTypes">
			<set>
				<ref bean="luAttrTyp_credits" />
				<ref bean="luAttrTyp_grading_method" />
			</set>
		</property>
	</bean>
	<bean id="luAttrTyp_credits"
		class="org.kuali.student.poc.learningunit.lu.entity.LuAttributeType">
		<property name="id"
			value="11223344-1122-1122-1111-000000000004" />
		<property name="name" value="Credits" />
		<property name="luTypes">
			<set>
				<ref bean="luType_credit_course" />
			</set>
		</property>
	</bean>
	<bean id="luAttrTyp_grading_method"
		class="org.kuali.student.poc.learningunit.lu.entity.LuAttributeType">
		<property name="id"
			value="11223344-1122-1122-1111-000000000005" />
		<property name="name" value="Grading Method" />
		<property name="luTypes">
			<set>
				<ref bean="luType_credit_course" />
			</set>
		</property>
	</bean>
	<bean id="clu_math100"
		class="org.kuali.student.poc.learningunit.lu.entity.Clu">
		<property name="cluId"
			value="11223344-1122-1122-1111-000000000006" />
		<property name="attributes">
			<set>
				<bean
					class="org.kuali.student.poc.learningunit.lu.entity.LuAttribute">
					<property name="luAttributeType"
						ref="luAttrTyp_credits" />
					<property name="value" value="3" />
					<property name="clu" ref="clu_math100" />
				</bean>
				<bean
					class="org.kuali.student.poc.learningunit.lu.entity.LuAttribute">
					<property name="luAttributeType"
						ref="luAttrTyp_grading_method" />
					<property name="value"
						value="STANDARD, PASS/FAIL, AUDIT" />
					<property name="clu" ref="clu_math100" />
				</bean>
			</set>
		</property>
		<property name="effectiveStartCycle" ref="atpStart" />
		<property name="effectiveEndCycle" ref="atpEnd" />
		<property name="effectiveStartDate" ref="currentTime" />
		<property name="effectiveEndDate" ref="currentTime" />
		<property name="cluLongName" value="College Algebra" />
		<property name="cluShortName" value="MATH100" />
		<property name="description"
			value="Course Description for MATH100" />
		<property name="luType" ref="luType_credit_course" />
	</bean>
	<bean id="clu_cmsc214"
		class="org.kuali.student.poc.learningunit.lu.entity.Clu">
		<property name="cluId"
			value="11223344-1122-1122-1111-000000000007" />
		<property name="attributes">
			<set>
				<bean
					class="org.kuali.student.poc.learningunit.lu.entity.LuAttribute">
					<property name="luAttributeType"
						ref="luAttrTyp_credits" />
					<property name="value" value="4" />
					<property name="clu" ref="clu_cmsc214" />
				</bean>
				<bean
					class="org.kuali.student.poc.learningunit.lu.entity.LuAttribute">
					<property name="luAttributeType"
						ref="luAttrTyp_grading_method" />
					<property name="value" value="STANDARD" />
					<property name="clu" ref="clu_cmsc214" />
				</bean>
			</set>
		</property>
		<property name="effectiveStartCycle" ref="atpStart" />
		<property name="effectiveEndCycle" ref="atpEnd" />
		<property name="effectiveStartDate" ref="currentTime" />
		<property name="effectiveEndDate" ref="currentTime" />
		<property name="cluLongName" value="Computer Science 2" />
		<property name="cluShortName" value="CMSC214" />
		<property name="description"
			value="Course Description for CMSC214" />
		<property name="luType" ref="luType_credit_course" />
	</bean>
	<bean id="clu_musc300"
		class="org.kuali.student.poc.learningunit.lu.entity.Clu">
		<property name="cluId"
			value="11223344-1122-1122-1111-000000000008" />
		<property name="attributes">
			<set>
				<bean
					class="org.kuali.student.poc.learningunit.lu.entity.LuAttribute">
					<property name="luAttributeType"
						ref="luAttrTyp_credits" />
					<property name="value" value="4" />
					<property name="clu" ref="clu_musc300" />
				</bean>
				<bean
					class="org.kuali.student.poc.learningunit.lu.entity.LuAttribute">
					<property name="luAttributeType"
						ref="luAttrTyp_grading_method" />
					<property name="value" value="STANDARD, AUDIT" />
					<property name="clu" ref="clu_musc300" />
				</bean>
			</set>
		</property>
		<property name="effectiveStartCycle" ref="atpStart" />
		<property name="effectiveEndCycle" ref="atpEnd" />
		<property name="effectiveStartDate" ref="currentTime" />
		<property name="effectiveEndDate" ref="currentTime" />
		<property name="cluLongName" value="Advanced Air Guitar" />
		<property name="cluShortName" value="MUSC300" />
		<property name="description"
			value="Course Description for MUSC300" />
		<property name="luType" ref="luType_credit_course" />
	</bean>
	<bean id="lui_math100_0101"
		class="org.kuali.student.poc.learningunit.lu.entity.Lui">
		<property name="luiId"
			value="11223344-1122-1122-1111-000000000009" />
		<property name="atp" ref="atp1" />
		<property name="clu" ref="clu_math100" />
		<property name="luiCode" value="0101" />
		<property name="maxSeats" value="23" />
	</bean>
	<bean id="lui_math100_0202"
		class="org.kuali.student.poc.learningunit.lu.entity.Lui">
		<property name="luiId"
			value="11223344-1122-1122-1111-000000000010" />
		<property name="atp" ref="atp1" />
		<property name="clu" ref="clu_math100" />
		<property name="luiCode" value="0202" />
		<property name="maxSeats" value="12" />
	</bean>
	<bean id="lui_cmsc214_0101"
		class="org.kuali.student.poc.learningunit.lu.entity.Lui">
		<property name="luiId"
			value="11223344-1122-1122-1111-000000000011" />
		<property name="atp" ref="atp1" />
		<property name="clu" ref="clu_cmsc214" />
		<property name="luiCode" value="0101" />
		<property name="maxSeats" value="20" />
	</bean>
	<bean id="lui_musc300_0101"
		class="org.kuali.student.poc.learningunit.lu.entity.Lui">
		<property name="luiId"
			value="11223344-1122-1122-1111-000000000012" />
		<property name="atp" ref="atp1" />
		<property name="clu" ref="clu_musc300" />
		<property name="luiCode" value="0101" />
		<property name="maxSeats" value="33" />
	</bean>
</beans>