<?xml version="1.0" encoding="UTF-8" ?>
<testsuite failures="0" time="0.036" errors="0" skipped="0" tests="1" name="org.kuali.student.rules.util.FunctionTest">
  <properties>
    <property name="java.vendor" value="Sun Microsystems Inc."/>
    <property name="localRepository" value="C:\Users\Kamal\.m2\repository"/>
    <property name="sun.java.launcher" value="SUN_STANDARD"/>
    <property name="sun.management.compiler" value="HotSpot Client Compiler"/>
    <property name="env.PROMPT" value="$P$G"/>
    <property name="os.name" value="Windows Vista"/>
    <property name="env.FP_NO_HOST_CHECK" value="NO"/>
    <property name="sun.boot.class.path" value="C:\java_tools\jdk1.6.0_06\jre\lib\resources.jar;C:\java_tools\jdk1.6.0_06\jre\lib\rt.jar;C:\java_tools\jdk1.6.0_06\jre\lib\sunrsasign.jar;C:\java_tools\jdk1.6.0_06\jre\lib\jsse.jar;C:\java_tools\jdk1.6.0_06\jre\lib\jce.jar;C:\java_tools\jdk1.6.0_06\jre\lib\charsets.jar;C:\java_tools\jdk1.6.0_06\jre\classes"/>
    <property name="env.COMPUTERNAME" value="KAMAL-FSU-PC"/>
    <property name="env.ALLUSERSPROFILE" value="C:\ProgramData"/>
    <property name="sun.desktop" value="windows"/>
    <property name="java.vm.specification.vendor" value="Sun Microsystems Inc."/>
    <property name="java.runtime.version" value="1.6.0_06-b02"/>
    <property name="env.HOMEPATH" value="\Users\Kamal"/>
    <property name="user.name" value="Kamal"/>
    <property name="env.QTJAVA" value="C:\java_tools\jre1.5.0_13\lib\ext\QTJava.zip"/>
    <property name="user.language" value="en"/>
    <property name="sun.boot.library.path" value="C:\java_tools\jdk1.6.0_06\jre\bin"/>
    <property name="java.version" value="1.6.0_06"/>
    <property name="env.PROCESSOR_IDENTIFIER" value="x86 Family 6 Model 15 Stepping 10, GenuineIntel"/>
    <property name="user.timezone" value="America/New_York"/>
    <property name="env.TEMP" value="C:\Users\Kamal\AppData\Local\Temp"/>
    <property name="sun.arch.data.model" value="32"/>
    <property name="java.endorsed.dirs" value="C:\java_tools\jdk1.6.0_06\jre\lib\endorsed"/>
    <property name="sun.cpu.isalist" value="pentium_pro+mmx pentium_pro pentium+mmx pentium i486 i386 i86"/>
    <property name="env.HOMEDRIVE" value="C:"/>
    <property name="sun.jnu.encoding" value="Cp1252"/>
    <property name="file.encoding.pkg" value="sun.io"/>
    <property name="file.separator" value="\"/>
    <property name="java.specification.name" value="Java Platform API Specification"/>
    <property name="java.class.version" value="50.0"/>
    <property name="user.country" value="US"/>
    <property name="java.home" value="C:\java_tools\jdk1.6.0_06\jre"/>
    <property name="env.APPDATA" value="C:\Users\Kamal\AppData\Roaming"/>
    <property name="env.PUBLIC" value="C:\Users\Public"/>
    <property name="java.vm.info" value="mixed mode, sharing"/>
    <property name="env.ComSpec" value="C:\Windows\system32\cmd.exe"/>
    <property name="env.OS" value="Windows_NT"/>
    <property name="env.CommonProgramFiles" value="C:\Program Files\Common Files"/>
    <property name="os.version" value="6.0"/>
    <property name="path.separator" value=";"/>
    <property name="java.vm.version" value="10.0-b22"/>
    <property name="user.variant" value=""/>
    <property name="env.USERPROFILE" value="C:\Users\Kamal"/>
    <property name="env.JAVA_HOME" value="C:\java_tools\jdk1.6.0_06"/>
    <property name="java.awt.printerjob" value="sun.awt.windows.WPrinterJob"/>
    <property name="env.TMP" value="C:\Users\Kamal\AppData\Local\Temp"/>
    <property name="sun.io.unicode.encoding" value="UnicodeLittle"/>
    <property name="awt.toolkit" value="sun.awt.windows.WToolkit"/>
    <property name="user.home" value="C:\Users\Kamal"/>
    <property name="env.ProgramData" value="C:\ProgramData"/>
    <property name="env.VSTO_LOGALERTS" value="1"/>
    <property name="env.SESSIONNAME" value="Console"/>
    <property name="java.specification.vendor" value="Sun Microsystems Inc."/>
    <property name="env.CLASSPATH" value=".;C:\java_tools\jre1.5.0_13\lib\ext\QTJava.zip"/>
    <property name="env.NUMBER_OF_PROCESSORS" value="2"/>
    <property name="java.library.path" value="C:\java_tools\jdk1.6.0_06\jre\bin;.;C:\Windows\Sun\Java\bin;C:\Windows\system32;C:\Windows;C:\Windows\system32;C:\Windows;C:\Windows\System32\Wbem;C:\Program Files\QuickTime\QTSystem\;C:\Program Files\SSH Communications Security\SSH Secure Shell"/>
    <property name="java.vendor.url" value="http://java.sun.com/"/>
    <property name="java.vm.vendor" value="Sun Microsystems Inc."/>
    <property name="java.runtime.name" value="Java(TM) SE Runtime Environment"/>
    <property name="java.class.path" value="/C:/java_tools/eclipse-europa/plugins/org.maven.ide.components.maven_embedder_2.1.0.20080410-2200/jars/aspectjrt-1.5.3.jar;/C:/java_tools/eclipse-europa/plugins/org.maven.ide.components.maven_embedder_2.1.0.20080410-2200/jars/backport-util-concurrent-3.0.jar;/C:/java_tools/eclipse-europa/plugins/org.maven.ide.components.maven_embedder_2.1.0.20080410-2200/jars/commons-cli-1.0.jar;/C:/java_tools/eclipse-europa/plugins/org.maven.ide.components.maven_embedder_2.1.0.20080410-2200/jars/doxia-sink-api-1.0-alpha-9.jar;/C:/java_tools/eclipse-europa/plugins/org.maven.ide.components.maven_embedder_2.1.0.20080410-2200/jars/jsch-0.1.27.jar;/C:/java_tools/eclipse-europa/plugins/org.maven.ide.components.maven_embedder_2.1.0.20080410-2200/jars/jtidy-4aug2000r7-dev.jar;/C:/java_tools/eclipse-europa/plugins/org.maven.ide.components.maven_embedder_2.1.0.20080410-2200/jars/maven-artifact-3.0-SNAPSHOT.jar;/C:/java_tools/eclipse-europa/plugins/org.maven.ide.components.maven_embedder_2.1.0.20080410-2200/jars/maven-core-2.1-SNAPSHOT.jar;/C:/java_tools/eclipse-europa/plugins/org.maven.ide.components.maven_embedder_2.1.0.20080410-2200/jars/maven-embedder-2.1-SNAPSHOT.jar;/C:/java_tools/eclipse-europa/plugins/org.maven.ide.components.maven_embedder_2.1.0.20080410-2200/jars/maven-lifecycle-2.1-SNAPSHOT.jar;/C:/java_tools/eclipse-europa/plugins/org.maven.ide.components.maven_embedder_2.1.0.20080410-2200/jars/maven-model-2.1-SNAPSHOT.jar;/C:/java_tools/eclipse-europa/plugins/org.maven.ide.components.maven_embedder_2.1.0.20080410-2200/jars/maven-plugin-api-2.1-SNAPSHOT.jar;/C:/java_tools/eclipse-europa/plugins/org.maven.ide.components.maven_embedder_2.1.0.20080410-2200/jars/maven-profile-2.1-SNAPSHOT.jar;/C:/java_tools/eclipse-europa/plugins/org.maven.ide.components.maven_embedder_2.1.0.20080410-2200/jars/maven-project-2.1-SNAPSHOT.jar;/C:/java_tools/eclipse-europa/plugins/org.maven.ide.components.maven_embedder_2.1.0.20080410-2200/jars/maven-reporting-api-2.1-SNAPSHOT.jar;/C:/java_tools/eclipse-europa/plugins/org.maven.ide.components.maven_embedder_2.1.0.20080410-2200/jars/maven-toolchain-2.1-SNAPSHOT.jar;/C:/java_tools/eclipse-europa/plugins/org.maven.ide.components.maven_embedder_2.1.0.20080410-2200/jars/maven-workspace-2.1-SNAPSHOT.jar;/C:/java_tools/eclipse-europa/plugins/org.maven.ide.components.maven_embedder_2.1.0.20080410-2200/jars/plexus-classworlds-1.2-alpha-12.jar;/C:/java_tools/eclipse-europa/plugins/org.maven.ide.components.maven_embedder_2.1.0.20080410-2200/jars/plexus-container-default-1.0-alpha-44.jar;/C:/java_tools/eclipse-europa/plugins/org.maven.ide.components.maven_embedder_2.1.0.20080410-2200/jars/plexus-interactivity-api-1.0-alpha-6.jar;/C:/java_tools/eclipse-europa/plugins/org.maven.ide.components.maven_embedder_2.1.0.20080410-2200/jars/plexus-interpolation-1.0-SNAPSHOT.jar;/C:/java_tools/eclipse-europa/plugins/org.maven.ide.components.maven_embedder_2.1.0.20080410-2200/jars/plexus-utils-1.5.1.jar;/C:/java_tools/eclipse-europa/plugins/org.maven.ide.components.maven_embedder_2.1.0.20080410-2200/jars/retrotranslator-runtime-1.2.1.jar;/C:/java_tools/eclipse-europa/plugins/org.maven.ide.components.maven_embedder_2.1.0.20080410-2200/jars/wagon-file-1.0-beta-2.jar;/C:/java_tools/eclipse-europa/plugins/org.maven.ide.components.maven_embedder_2.1.0.20080410-2200/jars/wagon-http-lightweight-1.0-beta-2.jar;/C:/java_tools/eclipse-europa/plugins/org.maven.ide.components.maven_embedder_2.1.0.20080410-2200/jars/wagon-http-shared-1.0-beta-2.jar;/C:/java_tools/eclipse-europa/plugins/org.maven.ide.components.maven_embedder_2.1.0.20080410-2200/jars/wagon-provider-api-1.0-beta-2.jar;/C:/java_tools/eclipse-europa/plugins/org.maven.ide.components.maven_embedder_2.1.0.20080410-2200/jars/wagon-ssh-1.0-beta-2.jar;/C:/java_tools/eclipse-europa/plugins/org.maven.ide.components.maven_embedder_2.1.0.20080410-2200/jars/wagon-ssh-common-1.0-beta-2.jar;/C:/java_tools/eclipse-europa/plugins/org.maven.ide.components.maven_embedder_2.1.0.20080410-2200/jars/wagon-ssh-external-1.0-beta-2.jar"/>
    <property name="java.vm.specification.name" value="Java Virtual Machine Specification"/>
    <property name="env.LOGONSERVER" value="\\KAMAL-FSU-PC"/>
    <property name="env.windir" value="C:\Windows"/>
    <property name="java.vm.specification.version" value="1.0"/>
    <property name="env.PROCESSOR_ARCHITECTURE" value="x86"/>
    <property name="sun.cpu.endian" value="little"/>
    <property name="sun.os.patch.level" value=""/>
    <property name="surefire.test.class.path" value="C:\java_tools\Kuali\brms-ri\generate-rule\target\test-classes;C:\java_tools\Kuali\brms-ri\generate-rule\target\classes;C:\Users\Kamal\.m2\repository\org\kuali\student\poc\common\common-ws\0.0.3-SNAPSHOT\common-ws-0.0.3-SNAPSHOT.jar;C:\Users\Kamal\.m2\repository\org\springframework\spring-beans\2.5.1\spring-beans-2.5.1.jar;C:\Users\Kamal\.m2\repository\commons-logging\commons-logging\1.1\commons-logging-1.1.jar;C:\Users\Kamal\.m2\repository\org\springframework\spring-core\2.5.1\spring-core-2.5.1.jar;C:\Users\Kamal\.m2\repository\org\kuali\student\poc\common\common-util\0.0.3-SNAPSHOT\common-util-0.0.3-SNAPSHOT.jar;C:\Users\Kamal\.m2\repository\javax\persistence\persistence-api\1.0\persistence-api-1.0.jar;C:\Users\Kamal\.m2\repository\org\eclipse\persistence\eclipselink\1.0M4-Incubation\eclipselink-1.0M4-Incubation.jar;C:\Users\Kamal\.m2\repository\net\sf\ehcache\ehcache\1.4.1\ehcache-1.4.1.jar;C:\Users\Kamal\.m2\repository\net\sf\jsr107cache\jsr107cache\1.0\jsr107cache-1.0.jar;C:\Users\Kamal\.m2\repository\backport-util-concurrent\backport-util-concurrent\3.1\backport-util-concurrent-3.1.jar;C:\Users\Kamal\.m2\repository\commons-collections\commons-collections\3.2\commons-collections-3.2.jar;C:\Users\Kamal\.m2\repository\org\springframework\spring-aop\2.5.1\spring-aop-2.5.1.jar;C:\Users\Kamal\.m2\repository\aopalliance\aopalliance\1.0\aopalliance-1.0.jar;C:\Users\Kamal\.m2\repository\org\springframework\spring-orm\2.5.1\spring-orm-2.5.1.jar;C:\Users\Kamal\.m2\repository\org\springframework\spring-context\2.5.1\spring-context-2.5.1.jar;C:\Users\Kamal\.m2\repository\org\springframework\spring-tx\2.5.1\spring-tx-2.5.1.jar;C:\Users\Kamal\.m2\repository\junit\junit\4.4\junit-4.4.jar;C:\Users\Kamal\.m2\repository\org\springframework\spring-aspects\2.5.1\spring-aspects-2.5.1.jar;C:\Users\Kamal\.m2\repository\org\aspectj\aspectjrt\1.5.4\aspectjrt-1.5.4.jar;C:\Users\Kamal\.m2\repository\org\aspectj\aspectjweaver\1.5.4\aspectjweaver-1.5.4.jar;C:\Users\Kamal\.m2\repository\org\springframework\spring-jdbc\2.5.1\spring-jdbc-2.5.1.jar;C:\Users\Kamal\.m2\repository\org\springframework\spring-test\2.5.1\spring-test-2.5.1.jar;C:\Users\Kamal\.m2\repository\org\springframework\spring-web\2.5.1\spring-web-2.5.1.jar;C:\Users\Kamal\.m2\repository\org\apache\derby\derby\10.3.2.1\derby-10.3.2.1.jar;C:\Users\Kamal\.m2\repository\javax\transaction\jta\1.1\jta-1.1.jar;C:\Users\Kamal\.m2\repository\atomikos\transactions-jta\3.2.3\transactions-jta-3.2.3.jar;C:\Users\Kamal\.m2\repository\atomikos\transactions-api\3.2.3\transactions-api-3.2.3.jar;C:\Users\Kamal\.m2\repository\atomikos\transactions\3.2.3\transactions-3.2.3.jar;C:\Users\Kamal\.m2\repository\atomikos\atomikos-util\3.2.3\atomikos-util-3.2.3.jar;C:\Users\Kamal\.m2\repository\org\mortbay\jetty\jetty\6.1.6\jetty-6.1.6.jar;C:\Users\Kamal\.m2\repository\org\mortbay\jetty\jetty-util\6.1.6\jetty-util-6.1.6.jar;C:\Users\Kamal\.m2\repository\org\mortbay\jetty\servlet-api-2.5\6.1.6\servlet-api-2.5-6.1.6.jar;C:\Users\Kamal\.m2\repository\org\hibernate\hibernate-annotations\3.3.1.GA\hibernate-annotations-3.3.1.GA.jar;C:\Users\Kamal\.m2\repository\org\hibernate\hibernate\3.2.6.ga\hibernate-3.2.6.ga.jar;C:\Users\Kamal\.m2\repository\asm\asm-attrs\1.5.3\asm-attrs-1.5.3.jar;C:\Users\Kamal\.m2\repository\dom4j\dom4j\1.6.1\dom4j-1.6.1.jar;C:\Users\Kamal\.m2\repository\antlr\antlr\2.7.7\antlr-2.7.7.jar;C:\Users\Kamal\.m2\repository\cglib\cglib\2.1_3\cglib-2.1_3.jar;C:\Users\Kamal\.m2\repository\asm\asm\1.5.3\asm-1.5.3.jar;C:\Users\Kamal\.m2\repository\org\hibernate\hibernate-commons-annotations\3.0.0.ga\hibernate-commons-annotations-3.0.0.ga.jar;C:\Users\Kamal\.m2\repository\org\hibernate\ejb3-persistence\1.0.1.GA\ejb3-persistence-1.0.1.GA.jar;C:\Users\Kamal\.m2\repository\org\hibernate\hibernate-entitymanager\3.3.2.GA\hibernate-entitymanager-3.3.2.GA.jar;C:\Users\Kamal\.m2\repository\javassist\javassist\3.4.GA\javassist-3.4.GA.jar;C:\Users\Kamal\.m2\repository\oswego-concurrent\concurrent\1.3.4\concurrent-1.3.4.jar;C:\Users\Kamal\.m2\repository\atomikos\transactions-hibernate3\3.2.3\transactions-hibernate3-3.2.3.jar;C:\Users\Kamal\.m2\repository\org\kuali\student\poc\common\common-cxf\0.0.3-SNAPSHOT\common-cxf-0.0.3-SNAPSHOT.jar;C:\Users\Kamal\.m2\repository\org\apache\cxf\cxf-rt-frontend-jaxws\2.0.4-incubator\cxf-rt-frontend-jaxws-2.0.4-incubator.jar;C:\Users\Kamal\.m2\repository\javax\xml\ws\jaxws-api\2.0\jaxws-api-2.0.jar;C:\Users\Kamal\.m2\repository\org\apache\cxf\cxf-api\2.0.4-incubator\cxf-api-2.0.4-incubator.jar;C:\Users\Kamal\.m2\repository\org\apache\geronimo\specs\geronimo-activation_1.1_spec\1.0-M1\geronimo-activation_1.1_spec-1.0-M1.jar;C:\Users\Kamal\.m2\repository\org\apache\cxf\cxf-common-utilities\2.0.4-incubator\cxf-common-utilities-2.0.4-incubator.jar;C:\Users\Kamal\.m2\repository\org\apache\geronimo\specs\geronimo-annotation_1.0_spec\1.1\geronimo-annotation_1.0_spec-1.1.jar;C:\Users\Kamal\.m2\repository\org\apache\geronimo\specs\geronimo-ws-metadata_2.0_spec\1.1.1\geronimo-ws-metadata_2.0_spec-1.1.1.jar;C:\Users\Kamal\.m2\repository\javax\xml\bind\jaxb-api\2.0\jaxb-api-2.0.jar;C:\Users\Kamal\.m2\repository\org\apache\geronimo\specs\geronimo-stax-api_1.0_spec\1.0\geronimo-stax-api_1.0_spec-1.0.jar;C:\Users\Kamal\.m2\repository\wsdl4j\wsdl4j\1.6.1\wsdl4j-1.6.1.jar;C:\Users\Kamal\.m2\repository\xml-resolver\xml-resolver\1.2\xml-resolver-1.2.jar;C:\Users\Kamal\.m2\repository\org\apache\ws\commons\schema\XmlSchema\1.3.2\XmlSchema-1.3.2.jar;C:\Users\Kamal\.m2\repository\commons-lang\commons-lang\2.1\commons-lang-2.1.jar;C:\Users\Kamal\.m2\repository\org\codehaus\woodstox\wstx-asl\3.2.1\wstx-asl-3.2.1.jar;C:\Users\Kamal\.m2\repository\org\apache\neethi\neethi\2.0.2\neethi-2.0.2.jar;C:\Users\Kamal\.m2\repository\org\apache\cxf\cxf-common-schemas\2.0.4-incubator\cxf-common-schemas-2.0.4-incubator.jar;C:\Users\Kamal\.m2\repository\org\apache\cxf\cxf-rt-core\2.0.4-incubator\cxf-rt-core-2.0.4-incubator.jar;C:\Users\Kamal\.m2\repository\com\sun\xml\bind\jaxb-impl\2.0.5\jaxb-impl-2.0.5.jar;C:\Users\Kamal\.m2\repository\org\apache\geronimo\specs\geronimo-javamail_1.4_spec\1.0-M1\geronimo-javamail_1.4_spec-1.0-M1.jar;C:\Users\Kamal\.m2\repository\org\apache\cxf\cxf-rt-bindings-soap\2.0.4-incubator\cxf-rt-bindings-soap-2.0.4-incubator.jar;C:\Users\Kamal\.m2\repository\org\apache\cxf\cxf-tools-common\2.0.4-incubator\cxf-tools-common-2.0.4-incubator.jar;C:\Users\Kamal\.m2\repository\velocity\velocity\1.4\velocity-1.4.jar;C:\Users\Kamal\.m2\repository\velocity\velocity-dep\1.4\velocity-dep-1.4.jar;C:\Users\Kamal\.m2\repository\com\sun\xml\bind\jaxb-xjc\2.0\jaxb-xjc-2.0.jar;C:\Users\Kamal\.m2\repository\javax\xml\soap\saaj-api\1.3\saaj-api-1.3.jar;C:\Users\Kamal\.m2\repository\org\apache\cxf\cxf-rt-databinding-jaxb\2.0.4-incubator\cxf-rt-databinding-jaxb-2.0.4-incubator.jar;C:\Users\Kamal\.m2\repository\org\apache\cxf\cxf-rt-bindings-xml\2.0.4-incubator\cxf-rt-bindings-xml-2.0.4-incubator.jar;C:\Users\Kamal\.m2\repository\org\apache\cxf\cxf-rt-frontend-simple\2.0.4-incubator\cxf-rt-frontend-simple-2.0.4-incubator.jar;C:\Users\Kamal\.m2\repository\com\sun\xml\messaging\saaj\saaj-impl\1.3\saaj-impl-1.3.jar;C:\Users\Kamal\.m2\repository\org\apache\cxf\cxf-rt-ws-security\2.0.4-incubator\cxf-rt-ws-security-2.0.4-incubator.jar;C:\Users\Kamal\.m2\repository\wss4j\wss4j\1.5.1\wss4j-1.5.1.jar;C:\Users\Kamal\.m2\repository\xml-security\xmlsec\1.3.0\xmlsec-1.3.0.jar;C:\Users\Kamal\.m2\repository\xalan\xalan\2.7.0\xalan-2.7.0.jar;C:\Users\Kamal\.m2\repository\bouncycastle\bcprov-jdk14\136\bcprov-jdk14-136.jar;C:\Users\Kamal\.m2\repository\org\acegisecurity\acegi-security\1.0.6\acegi-security-1.0.6.jar;C:\Users\Kamal\.m2\repository\org\springframework\spring-remoting\1.2.9\spring-remoting-1.2.9.jar;C:\Users\Kamal\.m2\repository\org\springframework\spring-support\1.2.9\spring-support-1.2.9.jar;C:\Users\Kamal\.m2\repository\commons-codec\commons-codec\1.3\commons-codec-1.3.jar;C:\Users\Kamal\.m2\repository\oro\oro\2.0.8\oro-2.0.8.jar;C:\Users\Kamal\.m2\repository\log4j\log4j\1.2.13\log4j-1.2.13.jar;C:\Users\Kamal\.m2\repository\org\apache\cxf\cxf-rt-transports-http\2.0.4-incubator\cxf-rt-transports-http-2.0.4-incubator.jar;C:\Users\Kamal\.m2\repository\org\apache\cxf\cxf-rt-transports-http-jetty\2.0.4-incubator\cxf-rt-transports-http-jetty-2.0.4-incubator.jar;C:\Users\Kamal\.m2\repository\org\slf4j\slf4j-jdk14\1.3.1\slf4j-jdk14-1.3.1.jar;C:\Users\Kamal\.m2\repository\org\slf4j\slf4j-api\1.3.0\slf4j-api-1.3.0.jar;C:\Users\Kamal\.m2\repository\org\apache\geronimo\specs\geronimo-servlet_2.5_spec\1.1-M1\geronimo-servlet_2.5_spec-1.1-M1.jar;C:\java_tools\Kuali\brms-ri\inspect-rule-failure\target\inspect-rule-failure-0.0.1-SNAPSHOT.jar;C:\Users\Kamal\.m2\repository\org\kuali\student\poc\brms-ri\booleanfunctionparser\0.0.1-SNAPSHOT\booleanfunctionparser-0.0.1-SNAPSHOT.jar;C:\Users\Kamal\.m2\repository\org\antlr\antlr\3.0.1\antlr-3.0.1.jar;C:\Users\Kamal\.m2\repository\org\antlr\stringtemplate\3.1-b1\stringtemplate-3.1-b1.jar;C:\Users\Kamal\.m2\repository\org\drools\drools-compiler\4.0.4\drools-compiler-4.0.4.jar;C:\Users\Kamal\.m2\repository\org\drools\drools-core\4.0.4\drools-core-4.0.4.jar;C:\Users\Kamal\.m2\repository\org\mvel\mvel14\1.2.21\mvel14-1.2.21.jar;C:\Users\Kamal\.m2\repository\org\antlr\antlr-runtime\3.0\antlr-runtime-3.0.jar;C:\Users\Kamal\.m2\repository\org\eclipse\jdt\core\3.2.3.v_686_R32x\core-3.2.3.v_686_R32x.jar;C:\Users\Kamal\.m2\repository\janino\janino\2.5.10\janino-2.5.10.jar;C:\Users\Kamal\.m2\repository\xml-apis\xml-apis\1.0.b2\xml-apis-1.0.b2.jar;C:\Users\Kamal\.m2\repository\org\drools\drools-decisiontables\4.0.4\drools-decisiontables-4.0.4.jar;C:\Users\Kamal\.m2\repository\jexcelapi\jxl\2.4.2\jxl-2.4.2.jar;C:\Users\Kamal\.m2\repository\org\drools\drools-jsr94\4.0.4\drools-jsr94-4.0.4.jar;C:\Users\Kamal\.m2\repository\jsr94\jsr94\1.1\jsr94-1.1.jar;C:\java_tools\Kuali\brms-ri\brms-repository\target\brms-repository.jar;C:\Users\Kamal\.m2\repository\concurrent\concurrent\1.3.4\concurrent-1.3.4.jar;C:\Users\Kamal\.m2\repository\org\drools\drools-analytics\4.0.4\drools-analytics-4.0.4.jar;C:\Users\Kamal\.m2\repository\com\thoughtworks\xstream\xstream\1.2.2\xstream-1.2.2.jar;C:\Users\Kamal\.m2\repository\xpp3\xpp3_min\1.1.3.4.O\xpp3_min-1.1.3.4.O.jar;C:\Users\Kamal\.m2\repository\org\drools\drools-repository\4.0.4\drools-repository-4.0.4.jar;C:\Users\Kamal\.m2\repository\org\apache\jackrabbit\jackrabbit-core\1.3\jackrabbit-core-1.3.jar;C:\Users\Kamal\.m2\repository\javax\jcr\jcr\1.0\jcr-1.0.jar;C:\Users\Kamal\.m2\repository\org\apache\jackrabbit\jackrabbit-api\1.3\jackrabbit-api-1.3.jar;C:\Users\Kamal\.m2\repository\org\apache\jackrabbit\jackrabbit-jcr-commons\1.3\jackrabbit-jcr-commons-1.3.jar;C:\Users\Kamal\.m2\repository\org\apache\jackrabbit\jackrabbit-text-extractors\1.3\jackrabbit-text-extractors-1.3.jar;C:\Users\Kamal\.m2\repository\xerces\xercesImpl\2.8.1\xercesImpl-2.8.1.jar;C:\Users\Kamal\.m2\repository\org\apache\lucene\lucene-core\2.0.0\lucene-core-2.0.0.jar;C:\Users\Kamal\.m2\repository\org\tmatesoft\svnkit\1.1.2\svnkit-1.1.2.jar;C:\Users\Kamal\.m2\repository\ch\ethz\ganymed\ganymed-ssh2\build210\ganymed-ssh2-build210.jar;C:\Users\Kamal\.m2\repository\org\slf4j\slf4j-log4j12\1.3.0\slf4j-log4j12-1.3.0.jar;C:\Users\Kamal\.m2\repository\poi\poi\2.5.1-final-20040804\poi-2.5.1-final-20040804.jar;C:\Users\Kamal\.m2\repository\pdfbox\pdfbox\0.6.4\pdfbox-0.6.4.jar;C:\Users\Kamal\.m2\repository\org\textmining\tm-extractors\0.4\tm-extractors-0.4.jar;C:\Users\Kamal\.m2\repository\nekohtml\nekohtml\0.9.4\nekohtml-0.9.4.jar;"/>
    <property name="env.ProgramFiles" value="C:\Program Files"/>
    <property name="java.io.tmpdir" value="C:\Users\Kamal\AppData\Local\Temp\"/>
    <property name="env.PROCESSOR_REVISION" value="0f0a"/>
    <property name="java.vendor.url.bug" value="http://java.sun.com/cgi-bin/bugreport.cgi"/>
    <property name="env.SystemRoot" value="C:\Windows"/>
    <property name="java.awt.graphicsenv" value="sun.awt.Win32GraphicsEnvironment"/>
    <property name="os.arch" value="x86"/>
    <property name="java.ext.dirs" value="C:\java_tools\jdk1.6.0_06\jre\lib\ext;C:\Windows\Sun\Java\lib\ext"/>
    <property name="user.dir" value="C:\java_tools\Kuali\brms-ri\generate-rule"/>
    <property name="env.LOCALAPPDATA" value="C:\Users\Kamal\AppData\Local"/>
    <property name="line.separator" value="
"/>
    <property name="java.vm.name" value="Java HotSpot(TM) Client VM"/>
    <property name="env.PATHEXT" value=".COM;.EXE;.BAT;.CMD;.VBS;.VBE;.JS;.JSE;.WSF;.WSH;.MSC"/>
    <property name="env.Path" value="C:\Windows\system32;C:\Windows;C:\Windows\System32\Wbem;C:\Program Files\QuickTime\QTSystem\;C:\Program Files\SSH Communications Security\SSH Secure Shell"/>
    <property name="basedir" value="C:\java_tools\Kuali\brms-ri\generate-rule"/>
    <property name="env.USERNAME" value="Kamal"/>
    <property name="env.SystemDrive" value="C:"/>
    <property name="file.encoding" value="Cp1252"/>
    <property name="env.USERDOMAIN" value="Kamal-FSU-PC"/>
    <property name="java.specification.version" value="1.6"/>
    <property name="env.PROCESSOR_LEVEL" value="6"/>
  </properties>
  <testcase time="0.034" classname="org.kuali.student.rules.util.FunctionTest" name="testFunction"/>
</testsuite>