<?xml version="1.0" encoding="UTF-8"?>
<beans xmlns="http://www.springframework.org/schema/beans"
	xmlns:xsi="http://www.w3.org/2001/XMLSchema-instance"
	xsi:schemaLocation="http://www.springframework.org/schema/beans http://www.springframework.org/schema/beans/spring-beans-2.5.xsd">
	<bean id="persistList" class="org.springframework.beans.factory.config.ListFactoryBean">
		<property name="sourceList">
			<list>
				<ref bean="funcBusRule1" />
				<ref bean="funcBusRule2" />
				<ref bean="funcBusRule3" />
				<ref bean="funcBusRule4" />								
			</list>
		</property>
	</bean>
	<bean id="currentTime" class="java.util.Date" />
	<bean id="ruleMetaData"	class="org.kuali.student.rules.brms.core.entity.RuleMetaData">
		<property name="createdBy" value="Tom Smith" />	
		<property name="createDate" ref="currentTime" />
		<property name="updateBy" value="Tom Smith" />	
		<property name="updateDate" ref="currentTime" />	
		<property name="effectiveDateStart" ref="currentTime" />	
		<property name="effectiveDateEnd" ref="currentTime" />	
		<property name="version" value="1.1" />	
		<property name="statusEnum" value="active" />														
	</bean>	
	<!-- 1 of CPR 101 OR 1 of FA 001 -->
	<bean id="funcBusRule1" class="org.kuali.student.rules.brms.core.entity.FunctionalBusinessRule">
		<property name="id"	value="11223344-1122-1122-1111-100000000001" />
		<property name="name" value="Intermediate CPR" />		
		<property name="description" value="enrollment co-requisites for Intermediate CPR 201" />	
		<property name="agendaType" value="Student Enrolls in Course" />	
		<property name="businessRuleType" value="course.co.req" />	
		<property name="anchorType" value="course" />	
		<property name="anchor" value="CPR 201" />	
		<property name="successMessage" value="Rule 1 Success Message" />	
		<property name="failureMessage" value="Rule 1 Failure Message" />	
		<property name="identifier" value="1" />	
		<property name="compiledID" value="111" />																	
		<property name="metaData" ref="ruleMetaData" />
		<property name="elements">
			<set>
				<bean id="ruleElement1" class="org.kuali.student.rules.brms.core.entity.RuleElement">
					<property name="id"	value="11223344-1122-1122-1111-100000000002" />
					<property name="operation" value="PROPOSITION_TYPE" />	
					<property name="ordinalPosition" value="1" />	
					<property name="name" value="" />	
					<property name="description" value="" />	
					<property name="ruleMetaData" ref="ruleMetaData" />
					<property name="functionalBusinessRule" ref="funcBusRule1" />	
					<property name="ruleProposition" ref="ruleProposition1" />					
				</bean>	
				<bean id="ruleElement2" class="org.kuali.student.rules.brms.core.entity.RuleElement">
					<property name="id"	value="11223344-1122-1122-1111-100000000003" />
					<property name="operation" value="OR_TYPE" />	
					<property name="ordinalPosition" value="2" />	
					<property name="name" value="" />	
					<property name="description" value="" />	
					<property name="ruleMetaData" ref="ruleMetaData" />
					<property name="functionalBusinessRule" ref="funcBusRule1" />				
				</bean>	
				<bean id="ruleElement3" class="org.kuali.student.rules.brms.core.entity.RuleElement">
					<property name="id"	value="11223344-1122-1122-1111-100000000004" />
					<property name="operation" value="PROPOSITION_TYPE" />	
					<property name="ordinalPosition" value="3" />	
					<property name="name" value="" />	
					<property name="description" value="" />	
					<property name="ruleMetaData" ref="ruleMetaData" />
					<property name="functionalBusinessRule" ref="funcBusRule1" />	
					<property name="ruleProposition" ref="ruleProposition3" />					
				</bean>	
			</set>
		</property>						
	</bean>	
	<bean id="ruleProposition1"	class="org.kuali.student.rules.brms.core.entity.RuleProposition">
		<property name="id"	value="11223344-1122-1122-1111-100000000005" />	
		<property name="name" value="co-requisites" />	
		<property name="description" value="enumeration of required co-requisite courses" />	
		<property name="failureMessage" value="prop error message" />	
		<property name="leftHandSide" ref="leftHandSide1" />	
		<property name="operator" ref="operator1" />				
		<property name="rightHandSide" ref="rightHandSide1" />	
	</bean>	
	<bean id="leftHandSide1"	class="org.kuali.student.rules.brms.core.entity.LeftHandSide">
		<property name="compAssistant" ref="compAssistant1" />	
		<property name="criteria" value="CPR 101" />	
		<property name="academicRecordID" value="AcademicRecord" />	
		<property name="valueType" value="NUMBER" />		
	</bean>
	<bean id="compAssistant1"	class="org.kuali.student.rules.brms.core.entity.ComputationAssistant">
		<property name="id"	value="11223344-1122-1122-1111-100000000006" />	
		<property name="yieldValueFunction" value="INTERSECTION" />	
	</bean>
	<bean id="operator1"	class="org.kuali.student.rules.brms.core.entity.Operator">
		<property name="operator" value="EQUAL_TO" />	
	</bean>
	<bean id="rightHandSide1"	class="org.kuali.student.rules.brms.core.entity.RightHandSide">
		<property name="expectedValueType" value="java.lang.Integer" />	
		<property name="expectedValue" value="1" />		
	</bean>
	<bean id="ruleProposition3"	class="org.kuali.student.rules.brms.core.entity.RuleProposition">
		<property name="id"	value="11223344-1122-1122-1111-100000000007" />	
		<property name="name" value="co-requisites" />	
		<property name="description" value="enumeration of required co-requisite courses" />	
		<property name="failureMessage" value="prop error message" />	
		<property name="leftHandSide" ref="leftHandSide3" />	
		<property name="operator" ref="operator3" />				
		<property name="rightHandSide" ref="rightHandSide3" />	
	</bean>	
	<bean id="leftHandSide3"	class="org.kuali.student.rules.brms.core.entity.LeftHandSide">
		<property name="compAssistant" ref="compAssistant3" />	
		<property name="criteria" value="FA 001" />	
		<property name="academicRecordID" value="AcademicRecord" />	
		<property name="valueType" value="NUMBER" />		
	</bean>
	<bean id="compAssistant3"	class="org.kuali.student.rules.brms.core.entity.ComputationAssistant">
		<property name="id"	value="11223344-1122-1122-1111-100000000008" />	
		<property name="yieldValueFunction" value="INTERSECTION" />	
	</bean>
	<bean id="operator3"	class="org.kuali.student.rules.brms.core.entity.Operator">
		<property name="operator" value="EQUAL_TO" />	
	</bean>
	<bean id="rightHandSide3"	class="org.kuali.student.rules.brms.core.entity.RightHandSide">
		<property name="expectedValueType" value="java.lang.Integer" />	
		<property name="expectedValue" value="1" />		
	</bean>		
	<!-- 2 of CPR 101 AND CPR 201 -->
	<bean id="funcBusRule2" class="org.kuali.student.rules.brms.core.entity.FunctionalBusinessRule">
		<property name="id"	value="11223344-1122-1122-1111-100000000021" />
		<property name="name" value="Advanced CPR" />		
		<property name="description" value="enrollment co-requisites for Advanced CPR 301" />	
		<property name="agendaType" value="Student Enrolls in Course" />	
		<property name="businessRuleType" value="course.co.req" />	
		<property name="anchorType" value="course" />	
		<property name="anchor" value="CPR 301" />	
		<property name="successMessage" value="Rule 2 Success Message" />	
		<property name="failureMessage" value="Rule 2 Failure Message" />	
		<property name="identifier" value="2" />	
		<property name="compiledID" value="222" />																	
		<property name="metaData" ref="ruleMetaData" />
		<property name="elements">
			<set>
				<bean id="ruleElement21" class="org.kuali.student.rules.brms.core.entity.RuleElement">
					<property name="id"	value="11223344-1122-1122-1111-100000000022" />
					<property name="operation" value="PROPOSITION_TYPE" />	
					<property name="ordinalPosition" value="1" />	
					<property name="name" value="" />	
					<property name="description" value="" />	
					<property name="ruleMetaData" ref="ruleMetaData" />
					<property name="functionalBusinessRule" ref="funcBusRule2" />	
					<property name="ruleProposition" ref="ruleProposition21" />					
				</bean>	
			</set>
		</property>						
	</bean>	
	<bean id="ruleProposition21"	class="org.kuali.student.rules.brms.core.entity.RuleProposition">
		<property name="id"	value="11223344-1122-1122-1111-100000000023" />	
		<property name="name" value="co-requisites" />	
		<property name="description" value="enumeration of required co-requisite courses" />	
		<property name="failureMessage" value="prop error message" />	
		<property name="leftHandSide" ref="leftHandSide21" />	
		<property name="operator" ref="operator21" />				
		<property name="rightHandSide" ref="rightHandSide21" />	
	</bean>	
	<bean id="leftHandSide21"	class="org.kuali.student.rules.brms.core.entity.LeftHandSide">
		<property name="compAssistant" ref="compAssistant21" />	
		<property name="criteria" value="CPR 101, CPR 201" />	
		<property name="academicRecordID" value="AcademicRecord" />	
		<property name="valueType" value="NUMBER" />		
	</bean>
	<bean id="compAssistant21"	class="org.kuali.student.rules.brms.core.entity.ComputationAssistant">
		<property name="id"	value="11223344-1122-1122-1111-100000000024" />	
		<property name="yieldValueFunction" value="INTERSECTION" />	
	</bean>
	<bean id="operator21"	class="org.kuali.student.rules.brms.core.entity.Operator">
		<property name="operator" value="EQUAL_TO" />	
	</bean>
	<bean id="rightHandSide21"	class="org.kuali.student.rules.brms.core.entity.RightHandSide">
		<property name="expectedValueType" value="java.lang.Integer" />	
		<property name="expectedValue" value="2" />		
	</bean>
	<!-- 12 credits from CPR 101, CPR 105, CPR 201, CPR 301 OR (1 of CPR 4005 AND 1 of FA 001, WS 001) -->
	<bean id="funcBusRule3" class="org.kuali.student.rules.brms.core.entity.FunctionalBusinessRule">
		<property name="id"	value="11223344-1122-1122-1111-100000000031" />
		<property name="name" value="EMS Certificate Program" />		
		<property name="description" value="enrollment co-requisites for Certificate Program EMS 1001" />	
		<property name="agendaType" value="Student Enrolls in Course" />	
		<property name="businessRuleType" value="course.co.req" />	
		<property name="anchorType" value="course" />	
		<property name="anchor" value="EMS 1001" />	
		<property name="successMessage" value="Rule 3 Success Message" />	
		<property name="failureMessage" value="Rule 3 Failure Message" />	
		<property name="identifier" value="3" />	
		<property name="compiledID" value="333" />																	
		<property name="metaData" ref="ruleMetaData" />
		<property name="elements">
			<set>
				<bean id="ruleElement31" class="org.kuali.student.rules.brms.core.entity.RuleElement">
					<property name="id"	value="11223344-1122-1122-1111-100000000032" />
					<property name="operation" value="PROPOSITION_TYPE" />	
					<property name="ordinalPosition" value="1" />	
					<property name="name" value="" />	
					<property name="description" value="" />	
					<property name="ruleMetaData" ref="ruleMetaData" />
					<property name="functionalBusinessRule" ref="funcBusRule3" />	
					<property name="ruleProposition" ref="ruleProposition31" />					
				</bean>	
				<bean id="ruleElement32" class="org.kuali.student.rules.brms.core.entity.RuleElement">
					<property name="id"	value="11223344-1122-1122-1111-100000000035" />
					<property name="operation" value="OR_TYPE" />	
					<property name="ordinalPosition" value="2" />	
					<property name="name" value="" />	
					<property name="description" value="" />	
					<property name="ruleMetaData" ref="ruleMetaData" />
					<property name="functionalBusinessRule" ref="funcBusRule3" />				
				</bean>					
				<bean id="ruleElement33" class="org.kuali.student.rules.brms.core.entity.RuleElement">
					<property name="id"	value="11223344-1122-1122-1111-100000000036" />
					<property name="operation" value="LPAREN_TYPE" />	
					<property name="ordinalPosition" value="3" />	
					<property name="name" value="" />	
					<property name="description" value="" />	
					<property name="ruleMetaData" ref="ruleMetaData" />
					<property name="functionalBusinessRule" ref="funcBusRule3" />				
				</bean>	
				<bean id="ruleElement34" class="org.kuali.student.rules.brms.core.entity.RuleElement">
					<property name="id"	value="11223344-1122-1122-1111-100000000037" />
					<property name="operation" value="PROPOSITION_TYPE" />	
					<property name="ordinalPosition" value="4" />	
					<property name="name" value="" />	
					<property name="description" value="" />	
					<property name="ruleMetaData" ref="ruleMetaData" />
					<property name="functionalBusinessRule" ref="funcBusRule3" />	
					<property name="ruleProposition" ref="ruleProposition34" />					
				</bean>	
				<bean id="ruleElement35" class="org.kuali.student.rules.brms.core.entity.RuleElement">
					<property name="id"	value="11223344-1122-1122-1111-100000000040" />
					<property name="operation" value="AND_TYPE" />	
					<property name="ordinalPosition" value="5" />	
					<property name="name" value="" />	
					<property name="description" value="" />	
					<property name="ruleMetaData" ref="ruleMetaData" />
					<property name="functionalBusinessRule" ref="funcBusRule3" />				
				</bean>							
				<bean id="ruleElement36" class="org.kuali.student.rules.brms.core.entity.RuleElement">
					<property name="id"	value="11223344-1122-1122-1111-100000000041" />
					<property name="operation" value="PROPOSITION_TYPE" />	
					<property name="ordinalPosition" value="6" />	
					<property name="name" value="" />	
					<property name="description" value="" />	
					<property name="ruleMetaData" ref="ruleMetaData" />
					<property name="functionalBusinessRule" ref="funcBusRule3" />	
					<property name="ruleProposition" ref="ruleProposition36" />					
				</bean>	
				<bean id="ruleElement37" class="org.kuali.student.rules.brms.core.entity.RuleElement">
					<property name="id"	value="11223344-1122-1122-1111-100000000044" />
					<property name="operation" value="RPAREN_TYPE" />	
					<property name="ordinalPosition" value="7" />	
					<property name="name" value="" />	
					<property name="description" value="" />	
					<property name="ruleMetaData" ref="ruleMetaData" />
					<property name="functionalBusinessRule" ref="funcBusRule3" />				
				</bean>					
			</set>
		</property>						
	</bean>	
	<bean id="ruleProposition31"	class="org.kuali.student.rules.brms.core.entity.RuleProposition">
		<property name="id"	value="11223344-1122-1122-1111-100000000033" />	
		<property name="name" value="co-requisites" />	
		<property name="description" value="enumeration of required co-requisite courses" />	
		<property name="failureMessage" value="prop error message" />	
		<property name="leftHandSide" ref="leftHandSide31" />	
		<property name="operator" ref="operator31" />				
		<property name="rightHandSide" ref="rightHandSide31" />	
	</bean>	
	<bean id="leftHandSide31"	class="org.kuali.student.rules.brms.core.entity.LeftHandSide">
		<property name="compAssistant" ref="compAssistant31" />	
		<property name="criteria" value="CPR 101, CPR 105, CPR 201, CPR 301" />	
		<property name="academicRecordID" value="AcademicRecord" />	
		<property name="valueType" value="NUMBER" />		
	</bean>
	<bean id="compAssistant31"	class="org.kuali.student.rules.brms.core.entity.ComputationAssistant">
		<property name="id"	value="11223344-1122-1122-1111-100000000034" />	
		<property name="yieldValueFunction" value="SUM" />	
	</bean>
	<bean id="operator31"	class="org.kuali.student.rules.brms.core.entity.Operator">
		<property name="operator" value="EQUAL_TO" />	
	</bean>
	<bean id="rightHandSide31"	class="org.kuali.student.rules.brms.core.entity.RightHandSide">
		<property name="expectedValueType" value="java.lang.Integer" />	
		<property name="expectedValue" value="12" />		
	</bean>	
	<bean id="ruleProposition34"	class="org.kuali.student.rules.brms.core.entity.RuleProposition">
		<property name="id"	value="11223344-1122-1122-1111-100000000038" />	
		<property name="name" value="co-requisites" />	
		<property name="description" value="enumeration of required co-requisite courses" />	
		<property name="failureMessage" value="prop error message" />	
		<property name="leftHandSide" ref="leftHandSide34" />	
		<property name="operator" ref="operator34" />				
		<property name="rightHandSide" ref="rightHandSide34" />	
	</bean>	
	<bean id="leftHandSide34"	class="org.kuali.student.rules.brms.core.entity.LeftHandSide">
		<property name="compAssistant" ref="compAssistant34" />	
		<property name="criteria" value="CPR 4005" />	
		<property name="academicRecordID" value="AcademicRecord" />	
		<property name="valueType" value="NUMBER" />		
	</bean>
	<bean id="compAssistant34"	class="org.kuali.student.rules.brms.core.entity.ComputationAssistant">
		<property name="id"	value="11223344-1122-1122-1111-100000000039" />	
		<property name="yieldValueFunction" value="INTERSECTION" />	
	</bean>
	<bean id="operator34"	class="org.kuali.student.rules.brms.core.entity.Operator">
		<property name="operator" value="EQUAL_TO" />	
	</bean>
	<bean id="rightHandSide34"	class="org.kuali.student.rules.brms.core.entity.RightHandSide">
		<property name="expectedValueType" value="java.lang.Integer" />	
		<property name="expectedValue" value="1" />		
	</bean>		
	<bean id="ruleProposition36"	class="org.kuali.student.rules.brms.core.entity.RuleProposition">
		<property name="id"	value="11223344-1122-1122-1111-100000000042" />	
		<property name="name" value="co-requisites" />	
		<property name="description" value="enumeration of required co-requisite courses" />	
		<property name="failureMessage" value="prop error message" />	
		<property name="leftHandSide" ref="leftHandSide36" />	
		<property name="operator" ref="operator36" />				
		<property name="rightHandSide" ref="rightHandSide36" />	
	</bean>	
	<bean id="leftHandSide36"	class="org.kuali.student.rules.brms.core.entity.LeftHandSide">
		<property name="compAssistant" ref="compAssistant36" />	
		<property name="criteria" value="FA 001, WS 001" />	
		<property name="academicRecordID" value="AcademicRecord" />	
		<property name="valueType" value="NUMBER" />		
	</bean>
	<bean id="compAssistant36"	class="org.kuali.student.rules.brms.core.entity.ComputationAssistant">
		<property name="id"	value="11223344-1122-1122-1111-100000000043" />	
		<property name="yieldValueFunction" value="INTERSECTION" />	
	</bean>
	<bean id="operator36"	class="org.kuali.student.rules.brms.core.entity.Operator">
		<property name="operator" value="EQUAL_TO" />	
	</bean>
	<bean id="rightHandSide36"	class="org.kuali.student.rules.brms.core.entity.RightHandSide">
		<property name="expectedValueType" value="java.lang.Integer" />	
		<property name="expectedValue" value="2" />		
	</bean>		
	<!-- 12 credits from CPR 101, CPR 105, CPR 201, CPR 301 OR (1 of CPR 4005 AND 1 of FA 001, WS 001) -->
	<bean id="funcBusRule4" class="org.kuali.student.rules.brms.core.entity.FunctionalBusinessRule">
		<property name="id"	value="11223344-1122-1122-1111-100000000050" />
		<property name="name" value="LPN Certificate Program" />		
		<property name="description" value="enrollment co-requisites for Certificate Program LPN 1001" />	
		<property name="agendaType" value="Student Enrolls in Course" />	
		<property name="businessRuleType" value="course.co.req" />	
		<property name="anchorType" value="course" />	
		<property name="anchor" value="LPN 1001" />	
		<property name="successMessage" value="Rule 4 Success Message" />	
		<property name="failureMessage" value="Rule 4 Failure Message" />	
		<property name="identifier" value="4" />	
		<property name="compiledID" value="444" />																	
		<property name="metaData" ref="ruleMetaData" />
		<property name="elements">
			<set>
				<bean id="ruleElement41" class="org.kuali.student.rules.brms.core.entity.RuleElement">
					<property name="id"	value="11223344-1122-1122-1111-100000000051" />
					<property name="operation" value="LPAREN_TYPE" />	
					<property name="ordinalPosition" value="1" />	
					<property name="name" value="" />	
					<property name="description" value="" />	
					<property name="ruleMetaData" ref="ruleMetaData" />
					<property name="functionalBusinessRule" ref="funcBusRule4" />				
				</bean>			
				<bean id="ruleElement42" class="org.kuali.student.rules.brms.core.entity.RuleElement">
					<property name="id"	value="11223344-1122-1122-1111-100000000052" />
					<property name="operation" value="PROPOSITION_TYPE" />	
					<property name="ordinalPosition" value="2" />	
					<property name="name" value="" />	
					<property name="description" value="" />	
					<property name="ruleMetaData" ref="ruleMetaData" />
					<property name="functionalBusinessRule" ref="funcBusRule4" />	
					<property name="ruleProposition" ref="ruleProposition42" />					
				</bean>	
				<bean id="ruleElement43" class="org.kuali.student.rules.brms.core.entity.RuleElement">
					<property name="id"	value="11223344-1122-1122-1111-100000000053" />
					<property name="operation" value="OR_TYPE" />	
					<property name="ordinalPosition" value="3" />	
					<property name="name" value="" />	
					<property name="description" value="" />	
					<property name="ruleMetaData" ref="ruleMetaData" />
					<property name="functionalBusinessRule" ref="funcBusRule4" />				
				</bean>					
				<bean id="ruleElement44" class="org.kuali.student.rules.brms.core.entity.RuleElement">
					<property name="id"	value="11223344-1122-1122-1111-100000000054" />
					<property name="operation" value="PROPOSITION_TYPE" />	
					<property name="ordinalPosition" value="4" />	
					<property name="name" value="" />	
					<property name="description" value="" />	
					<property name="ruleMetaData" ref="ruleMetaData" />
					<property name="functionalBusinessRule" ref="funcBusRule4" />	
					<property name="ruleProposition" ref="ruleProposition44" />					
				</bean>	
				<bean id="ruleElement45" class="org.kuali.student.rules.brms.core.entity.RuleElement">
					<property name="id"	value="11223344-1122-1122-1111-100000000055" />
					<property name="operation" value="RPAREN_TYPE" />	
					<property name="ordinalPosition" value="5" />	
					<property name="name" value="" />	
					<property name="description" value="" />	
					<property name="ruleMetaData" ref="ruleMetaData" />
					<property name="functionalBusinessRule" ref="funcBusRule4" />				
				</bean>					
				<bean id="ruleElement46" class="org.kuali.student.rules.brms.core.entity.RuleElement">
					<property name="id"	value="11223344-1122-1122-1111-100000000056" />
					<property name="operation" value="AND_TYPE" />	
					<property name="ordinalPosition" value="6" />	
					<property name="name" value="" />	
					<property name="description" value="" />	
					<property name="ruleMetaData" ref="ruleMetaData" />
					<property name="functionalBusinessRule" ref="funcBusRule4" />				
				</bean>							
				<bean id="ruleElement47" class="org.kuali.student.rules.brms.core.entity.RuleElement">
					<property name="id"	value="11223344-1122-1122-1111-100000000057" />
					<property name="operation" value="PROPOSITION_TYPE" />	
					<property name="ordinalPosition" value="7" />	
					<property name="name" value="" />	
					<property name="description" value="" />	
					<property name="ruleMetaData" ref="ruleMetaData" />
					<property name="functionalBusinessRule" ref="funcBusRule4" />	
					<property name="ruleProposition" ref="ruleProposition47" />					
				</bean>					
			</set>
		</property>						
	</bean>	
	<bean id="ruleProposition42"	class="org.kuali.student.rules.brms.core.entity.RuleProposition">
		<property name="id"	value="11223344-1122-1122-1111-100000000058" />	
		<property name="name" value="co-requisites" />	
		<property name="description" value="enumeration of required co-requisite courses" />	
		<property name="failureMessage" value="prop error message" />	
		<property name="leftHandSide" ref="leftHandSide42" />	
		<property name="operator" ref="operator42" />				
		<property name="rightHandSide" ref="rightHandSide42" />	
	</bean>	
	<bean id="leftHandSide42"	class="org.kuali.student.rules.brms.core.entity.LeftHandSide">
		<property name="compAssistant" ref="compAssistant42" />	
		<property name="criteria" value="CPR 101, CPR 105, CPR 201, CPR 301" />	
		<property name="academicRecordID" value="AcademicRecord" />	
		<property name="valueType" value="NUMBER" />		
	</bean>
	<bean id="compAssistant42"	class="org.kuali.student.rules.brms.core.entity.ComputationAssistant">
		<property name="id"	value="11223344-1122-1122-1111-100000000059" />	
		<property name="yieldValueFunction" value="SUM" />	
	</bean>
	<bean id="operator42"	class="org.kuali.student.rules.brms.core.entity.Operator">
		<property name="operator" value="EQUAL_TO" />	
	</bean>
	<bean id="rightHandSide42"	class="org.kuali.student.rules.brms.core.entity.RightHandSide">
		<property name="expectedValueType" value="java.lang.Integer" />	
		<property name="expectedValue" value="12" />		
	</bean>	
	<bean id="ruleProposition44"	class="org.kuali.student.rules.brms.core.entity.RuleProposition">
		<property name="id"	value="11223344-1122-1122-1111-100000000060" />	
		<property name="name" value="co-requisites" />	
		<property name="description" value="enumeration of required co-requisite courses" />	
		<property name="failureMessage" value="prop error message" />	
		<property name="leftHandSide" ref="leftHandSide44" />	
		<property name="operator" ref="operator44" />				
		<property name="rightHandSide" ref="rightHandSide44" />	
	</bean>	
	<bean id="leftHandSide44"	class="org.kuali.student.rules.brms.core.entity.LeftHandSide">
		<property name="compAssistant" ref="compAssistant44" />	
		<property name="criteria" value="CPR 4005" />	
		<property name="academicRecordID" value="AcademicRecord" />	
		<property name="valueType" value="NUMBER" />		
	</bean>
	<bean id="compAssistant44"	class="org.kuali.student.rules.brms.core.entity.ComputationAssistant">
		<property name="id"	value="11223344-1122-1122-1111-100000000061" />	
		<property name="yieldValueFunction" value="INTERSECTION" />	
	</bean>
	<bean id="operator44"	class="org.kuali.student.rules.brms.core.entity.Operator">
		<property name="operator" value="EQUAL_TO" />	
	</bean>
	<bean id="rightHandSide44"	class="org.kuali.student.rules.brms.core.entity.RightHandSide">
		<property name="expectedValueType" value="java.lang.Integer" />	
		<property name="expectedValue" value="1" />		
	</bean>		
	<bean id="ruleProposition47"	class="org.kuali.student.rules.brms.core.entity.RuleProposition">
		<property name="id"	value="11223344-1122-1122-1111-100000000062" />	
		<property name="name" value="co-requisites" />	
		<property name="description" value="enumeration of required co-requisite courses" />	
		<property name="failureMessage" value="prop error message" />	
		<property name="leftHandSide" ref="leftHandSide47" />	
		<property name="operator" ref="operator47" />				
		<property name="rightHandSide" ref="rightHandSide47" />	
	</bean>	
	<bean id="leftHandSide47"	class="org.kuali.student.rules.brms.core.entity.LeftHandSide">
		<property name="compAssistant" ref="compAssistant47" />	
		<property name="criteria" value="FA 001, WS 001" />	
		<property name="academicRecordID" value="AcademicRecord" />	
		<property name="valueType" value="NUMBER" />		
	</bean>
	<bean id="compAssistant47"	class="org.kuali.student.rules.brms.core.entity.ComputationAssistant">
		<property name="id"	value="11223344-1122-1122-1111-100000000063" />	
		<property name="yieldValueFunction" value="INTERSECTION" />	
	</bean>
	<bean id="operator47"	class="org.kuali.student.rules.brms.core.entity.Operator">
		<property name="operator" value="EQUAL_TO" />	
	</bean>
	<bean id="rightHandSide47"	class="org.kuali.student.rules.brms.core.entity.RightHandSide">
		<property name="expectedValueType" value="java.lang.Integer" />	
		<property name="expectedValue" value="2" />		
	</bean>		
	
</beans>